<?xml version="1.0" encoding="UTF-8"?>
<testsuite xmlns:xsi="http://www.w3.org/2001/XMLSchema-instance" xsi:noNamespaceSchemaLocation="https://maven.apache.org/surefire/maven-surefire-plugin/xsd/surefire-test-report-3.0.xsd" version="3.0" name="com.wsoap.ConsultarucApplicationTests" time="6.294" tests="1" errors="0" skipped="0" failures="0">
  <properties>
    <property name="java.specification.version" value="17"/>
    <property name="sun.jnu.encoding" value="UTF-8"/>
    <property name="java.class.path" value="/Users/faza/appjava/consultarucWsSecurity/target/test-classes:/Users/faza/appjava/consultarucWsSecurity/target/classes:/Users/faza/.m2/repository/org/springframework/boot/spring-boot-starter-data-jpa/3.2.3/spring-boot-starter-data-jpa-3.2.3.jar:/Users/faza/.m2/repository/org/springframework/boot/spring-boot-starter-aop/3.2.3/spring-boot-starter-aop-3.2.3.jar:/Users/faza/.m2/repository/org/springframework/spring-aop/6.1.4/spring-aop-6.1.4.jar:/Users/faza/.m2/repository/org/aspectj/aspectjweaver/1.9.21/aspectjweaver-1.9.21.jar:/Users/faza/.m2/repository/org/springframework/boot/spring-boot-starter-jdbc/3.2.3/spring-boot-starter-jdbc-3.2.3.jar:/Users/faza/.m2/repository/com/zaxxer/HikariCP/5.0.1/HikariCP-5.0.1.jar:/Users/faza/.m2/repository/org/springframework/spring-jdbc/6.1.4/spring-jdbc-6.1.4.jar:/Users/faza/.m2/repository/org/hibernate/orm/hibernate-core/6.4.4.Final/hibernate-core-6.4.4.Final.jar:/Users/faza/.m2/repository/jakarta/persistence/jakarta.persistence-api/3.1.0/jakarta.persistence-api-3.1.0.jar:/Users/faza/.m2/repository/jakarta/transaction/jakarta.transaction-api/2.0.1/jakarta.transaction-api-2.0.1.jar:/Users/faza/.m2/repository/org/jboss/logging/jboss-logging/3.5.3.Final/jboss-logging-3.5.3.Final.jar:/Users/faza/.m2/repository/org/hibernate/common/hibernate-commons-annotations/6.0.6.Final/hibernate-commons-annotations-6.0.6.Final.jar:/Users/faza/.m2/repository/io/smallrye/jandex/3.1.2/jandex-3.1.2.jar:/Users/faza/.m2/repository/com/fasterxml/classmate/1.6.0/classmate-1.6.0.jar:/Users/faza/.m2/repository/net/bytebuddy/byte-buddy/1.14.12/byte-buddy-1.14.12.jar:/Users/faza/.m2/repository/org/glassfish/jaxb/jaxb-runtime/4.0.4/jaxb-runtime-4.0.4.jar:/Users/faza/.m2/repository/org/glassfish/jaxb/jaxb-core/4.0.4/jaxb-core-4.0.4.jar:/Users/faza/.m2/repository/org/glassfish/jaxb/txw2/4.0.4/txw2-4.0.4.jar:/Users/faza/.m2/repository/com/sun/istack/istack-commons-runtime/4.1.2/istack-commons-runtime-4.1.2.jar:/Users/faza/.m2/repository/jakarta/inject/jakarta.inject-api/2.0.1/jakarta.inject-api-2.0.1.jar:/Users/faza/.m2/repository/org/antlr/antlr4-runtime/4.13.0/antlr4-runtime-4.13.0.jar:/Users/faza/.m2/repository/org/springframework/data/spring-data-jpa/3.2.3/spring-data-jpa-3.2.3.jar:/Users/faza/.m2/repository/org/springframework/data/spring-data-commons/3.2.3/spring-data-commons-3.2.3.jar:/Users/faza/.m2/repository/org/springframework/spring-orm/6.1.4/spring-orm-6.1.4.jar:/Users/faza/.m2/repository/org/springframework/spring-context/6.1.4/spring-context-6.1.4.jar:/Users/faza/.m2/repository/org/springframework/spring-expression/6.1.4/spring-expression-6.1.4.jar:/Users/faza/.m2/repository/io/micrometer/micrometer-observation/1.12.3/micrometer-observation-1.12.3.jar:/Users/faza/.m2/repository/io/micrometer/micrometer-commons/1.12.3/micrometer-commons-1.12.3.jar:/Users/faza/.m2/repository/jakarta/annotation/jakarta.annotation-api/2.1.1/jakarta.annotation-api-2.1.1.jar:/Users/faza/.m2/repository/org/springframework/spring-aspects/6.1.4/spring-aspects-6.1.4.jar:/Users/faza/.m2/repository/org/springframework/boot/spring-boot-starter-web-services/3.2.3/spring-boot-starter-web-services-3.2.3.jar:/Users/faza/.m2/repository/org/springframework/boot/spring-boot-starter-web/3.2.3/spring-boot-starter-web-3.2.3.jar:/Users/faza/.m2/repository/org/springframework/boot/spring-boot-starter-json/3.2.3/spring-boot-starter-json-3.2.3.jar:/Users/faza/.m2/repository/com/fasterxml/jackson/core/jackson-databind/2.15.4/jackson-databind-2.15.4.jar:/Users/faza/.m2/repository/com/fasterxml/jackson/core/jackson-annotations/2.15.4/jackson-annotations-2.15.4.jar:/Users/faza/.m2/repository/com/fasterxml/jackson/core/jackson-core/2.15.4/jackson-core-2.15.4.jar:/Users/faza/.m2/repository/com/fasterxml/jackson/datatype/jackson-datatype-jdk8/2.15.4/jackson-datatype-jdk8-2.15.4.jar:/Users/faza/.m2/repository/com/fasterxml/jackson/datatype/jackson-datatype-jsr310/2.15.4/jackson-datatype-jsr310-2.15.4.jar:/Users/faza/.m2/repository/com/fasterxml/jackson/module/jackson-module-parameter-names/2.15.4/jackson-module-parameter-names-2.15.4.jar:/Users/faza/.m2/repository/org/springframework/boot/spring-boot-starter-tomcat/3.2.3/spring-boot-starter-tomcat-3.2.3.jar:/Users/faza/.m2/repository/org/apache/tomcat/embed/tomcat-embed-core/10.1.19/tomcat-embed-core-10.1.19.jar:/Users/faza/.m2/repository/org/apache/tomcat/embed/tomcat-embed-el/10.1.19/tomcat-embed-el-10.1.19.jar:/Users/faza/.m2/repository/org/apache/tomcat/embed/tomcat-embed-websocket/10.1.19/tomcat-embed-websocket-10.1.19.jar:/Users/faza/.m2/repository/org/springframework/spring-web/6.1.4/spring-web-6.1.4.jar:/Users/faza/.m2/repository/org/springframework/spring-webmvc/6.1.4/spring-webmvc-6.1.4.jar:/Users/faza/.m2/repository/com/sun/xml/messaging/saaj/saaj-impl/3.0.3/saaj-impl-3.0.3.jar:/Users/faza/.m2/repository/jakarta/xml/soap/jakarta.xml.soap-api/3.0.1/jakarta.xml.soap-api-3.0.1.jar:/Users/faza/.m2/repository/jakarta/activation/jakarta.activation-api/2.1.2/jakarta.activation-api-2.1.2.jar:/Users/faza/.m2/repository/org/eclipse/angus/angus-activation/2.0.1/angus-activation-2.0.1.jar:/Users/faza/.m2/repository/jakarta/xml/ws/jakarta.xml.ws-api/4.0.1/jakarta.xml.ws-api-4.0.1.jar:/Users/faza/.m2/repository/org/springframework/spring-oxm/6.1.4/spring-oxm-6.1.4.jar:/Users/faza/.m2/repository/org/springframework/ws/spring-ws-core/4.0.10/spring-ws-core-4.0.10.jar:/Users/faza/.m2/repository/org/springframework/boot/spring-boot-devtools/3.2.3/spring-boot-devtools-3.2.3.jar:/Users/faza/.m2/repository/org/springframework/boot/spring-boot/3.2.3/spring-boot-3.2.3.jar:/Users/faza/.m2/repository/org/springframework/boot/spring-boot-autoconfigure/3.2.3/spring-boot-autoconfigure-3.2.3.jar:/Users/faza/.m2/repository/org/mariadb/jdbc/mariadb-java-client/3.3.3/mariadb-java-client-3.3.3.jar:/Users/faza/.m2/repository/com/github/waffle/waffle-jna/3.3.0/waffle-jna-3.3.0.jar:/Users/faza/.m2/repository/net/java/dev/jna/jna/5.13.0/jna-5.13.0.jar:/Users/faza/.m2/repository/net/java/dev/jna/jna-platform/5.13.0/jna-platform-5.13.0.jar:/Users/faza/.m2/repository/org/slf4j/jcl-over-slf4j/2.0.12/jcl-over-slf4j-2.0.12.jar:/Users/faza/.m2/repository/com/github/ben-manes/caffeine/caffeine/3.1.8/caffeine-3.1.8.jar:/Users/faza/.m2/repository/com/google/errorprone/error_prone_annotations/2.21.1/error_prone_annotations-2.21.1.jar:/Users/faza/.m2/repository/org/checkerframework/checker-qual/3.32.0/checker-qual-3.32.0.jar:/Users/faza/.m2/repository/org/projectlombok/lombok/1.18.30/lombok-1.18.30.jar:/Users/faza/.m2/repository/wsdl4j/wsdl4j/1.6.3/wsdl4j-1.6.3.jar:/Users/faza/.m2/repository/org/springframework/boot/spring-boot-starter-test/3.2.3/spring-boot-starter-test-3.2.3.jar:/Users/faza/.m2/repository/org/springframework/boot/spring-boot-starter/3.2.3/spring-boot-starter-3.2.3.jar:/Users/faza/.m2/repository/org/springframework/boot/spring-boot-starter-logging/3.2.3/spring-boot-starter-logging-3.2.3.jar:/Users/faza/.m2/repository/ch/qos/logback/logback-classic/1.4.14/logback-classic-1.4.14.jar:/Users/faza/.m2/repository/ch/qos/logback/logback-core/1.4.14/logback-core-1.4.14.jar:/Users/faza/.m2/repository/org/apache/logging/log4j/log4j-to-slf4j/2.21.1/log4j-to-slf4j-2.21.1.jar:/Users/faza/.m2/repository/org/apache/logging/log4j/log4j-api/2.21.1/log4j-api-2.21.1.jar:/Users/faza/.m2/repository/org/slf4j/jul-to-slf4j/2.0.12/jul-to-slf4j-2.0.12.jar:/Users/faza/.m2/repository/org/yaml/snakeyaml/2.2/snakeyaml-2.2.jar:/Users/faza/.m2/repository/org/springframework/boot/spring-boot-test/3.2.3/spring-boot-test-3.2.3.jar:/Users/faza/.m2/repository/org/springframework/boot/spring-boot-test-autoconfigure/3.2.3/spring-boot-test-autoconfigure-3.2.3.jar:/Users/faza/.m2/repository/com/jayway/jsonpath/json-path/2.9.0/json-path-2.9.0.jar:/Users/faza/.m2/repository/jakarta/xml/bind/jakarta.xml.bind-api/4.0.1/jakarta.xml.bind-api-4.0.1.jar:/Users/faza/.m2/repository/net/minidev/json-smart/2.5.0/json-smart-2.5.0.jar:/Users/faza/.m2/repository/net/minidev/accessors-smart/2.5.0/accessors-smart-2.5.0.jar:/Users/faza/.m2/repository/org/ow2/asm/asm/9.3/asm-9.3.jar:/Users/faza/.m2/repository/org/assertj/assertj-core/3.24.2/assertj-core-3.24.2.jar:/Users/faza/.m2/repository/org/awaitility/awaitility/4.2.0/awaitility-4.2.0.jar:/Users/faza/.m2/repository/org/hamcrest/hamcrest/2.2/hamcrest-2.2.jar:/Users/faza/.m2/repository/org/junit/jupiter/junit-jupiter/5.10.2/junit-jupiter-5.10.2.jar:/Users/faza/.m2/repository/org/junit/jupiter/junit-jupiter-api/5.10.2/junit-jupiter-api-5.10.2.jar:/Users/faza/.m2/repository/org/opentest4j/opentest4j/1.3.0/opentest4j-1.3.0.jar:/Users/faza/.m2/repository/org/junit/platform/junit-platform-commons/1.10.2/junit-platform-commons-1.10.2.jar:/Users/faza/.m2/repository/org/apiguardian/apiguardian-api/1.1.2/apiguardian-api-1.1.2.jar:/Users/faza/.m2/repository/org/junit/jupiter/junit-jupiter-params/5.10.2/junit-jupiter-params-5.10.2.jar:/Users/faza/.m2/repository/org/junit/jupiter/junit-jupiter-engine/5.10.2/junit-jupiter-engine-5.10.2.jar:/Users/faza/.m2/repository/org/junit/platform/junit-platform-engine/1.10.2/junit-platform-engine-1.10.2.jar:/Users/faza/.m2/repository/org/mockito/mockito-core/5.7.0/mockito-core-5.7.0.jar:/Users/faza/.m2/repository/net/bytebuddy/byte-buddy-agent/1.14.12/byte-buddy-agent-1.14.12.jar:/Users/faza/.m2/repository/org/objenesis/objenesis/3.3/objenesis-3.3.jar:/Users/faza/.m2/repository/org/mockito/mockito-junit-jupiter/5.7.0/mockito-junit-jupiter-5.7.0.jar:/Users/faza/.m2/repository/org/skyscreamer/jsonassert/1.5.1/jsonassert-1.5.1.jar:/Users/faza/.m2/repository/com/vaadin/external/google/android-json/0.0.20131108.vaadin1/android-json-0.0.20131108.vaadin1.jar:/Users/faza/.m2/repository/org/springframework/spring-core/6.1.4/spring-core-6.1.4.jar:/Users/faza/.m2/repository/org/springframework/spring-jcl/6.1.4/spring-jcl-6.1.4.jar:/Users/faza/.m2/repository/org/springframework/spring-test/6.1.4/spring-test-6.1.4.jar:/Users/faza/.m2/repository/org/xmlunit/xmlunit-core/2.9.1/xmlunit-core-2.9.1.jar:/Users/faza/.m2/repository/org/springframework/ws/spring-ws-security/4.0.10/spring-ws-security-4.0.10.jar:/Users/faza/.m2/repository/org/springframework/ws/spring-xml/4.0.10/spring-xml-4.0.10.jar:/Users/faza/.m2/repository/org/springframework/spring-beans/6.1.4/spring-beans-6.1.4.jar:/Users/faza/.m2/repository/org/springframework/spring-tx/6.1.4/spring-tx-6.1.4.jar:/Users/faza/.m2/repository/org/apache/wss4j/wss4j-ws-security-dom/2.4.3/wss4j-ws-security-dom-2.4.3.jar:/Users/faza/.m2/repository/org/apache/wss4j/wss4j-ws-security-common/2.4.3/wss4j-ws-security-common-2.4.3.jar:/Users/faza/.m2/repository/org/opensaml/opensaml-saml-impl/3.4.6/opensaml-saml-impl-3.4.6.jar:/Users/faza/.m2/repository/org/opensaml/opensaml-profile-api/3.4.6/opensaml-profile-api-3.4.6.jar:/Users/faza/.m2/repository/org/opensaml/opensaml-core/3.4.6/opensaml-core-3.4.6.jar:/Users/faza/.m2/repository/io/dropwizard/metrics/metrics-core/4.2.25/metrics-core-4.2.25.jar:/Users/faza/.m2/repository/org/opensaml/opensaml-saml-api/3.4.6/opensaml-saml-api-3.4.6.jar:/Users/faza/.m2/repository/org/opensaml/opensaml-xmlsec-api/3.4.6/opensaml-xmlsec-api-3.4.6.jar:/Users/faza/.m2/repository/org/opensaml/opensaml-soap-api/3.4.6/opensaml-soap-api-3.4.6.jar:/Users/faza/.m2/repository/org/opensaml/opensaml-security-impl/3.4.6/opensaml-security-impl-3.4.6.jar:/Users/faza/.m2/repository/org/opensaml/opensaml-security-api/3.4.6/opensaml-security-api-3.4.6.jar:/Users/faza/.m2/repository/org/opensaml/opensaml-xmlsec-impl/3.4.6/opensaml-xmlsec-impl-3.4.6.jar:/Users/faza/.m2/repository/net/shibboleth/utilities/java-support/7.5.2/java-support-7.5.2.jar:/Users/faza/.m2/repository/joda-time/joda-time/2.10.10/joda-time-2.10.10.jar:/Users/faza/.m2/repository/com/google/guava/guava/30.1-jre/guava-30.1-jre.jar:/Users/faza/.m2/repository/com/google/guava/failureaccess/1.0.1/failureaccess-1.0.1.jar:/Users/faza/.m2/repository/org/opensaml/opensaml-xacml-impl/3.4.6/opensaml-xacml-impl-3.4.6.jar:/Users/faza/.m2/repository/org/opensaml/opensaml-xacml-api/3.4.6/opensaml-xacml-api-3.4.6.jar:/Users/faza/.m2/repository/org/opensaml/opensaml-xacml-saml-impl/3.4.6/opensaml-xacml-saml-impl-3.4.6.jar:/Users/faza/.m2/repository/org/opensaml/opensaml-xacml-saml-api/3.4.6/opensaml-xacml-saml-api-3.4.6.jar:/Users/faza/.m2/repository/org/jasypt/jasypt/1.9.3/jasypt-1.9.3.jar:/Users/faza/.m2/repository/org/ehcache/ehcache/3.10.8/ehcache-3.10.8.jar:/Users/faza/.m2/repository/javax/cache/cache-api/1.1.1/cache-api-1.1.1.jar:/Users/faza/.m2/repository/org/slf4j/slf4j-api/2.0.12/slf4j-api-2.0.12.jar:/Users/faza/.m2/repository/org/apache/santuario/xmlsec/3.0.3/xmlsec-3.0.3.jar:/Users/faza/.m2/repository/commons-codec/commons-codec/1.16.1/commons-codec-1.16.1.jar:/Users/faza/.m2/repository/org/jvnet/staxex/stax-ex/2.1.0/stax-ex-2.1.0.jar:/Users/faza/.m2/repository/com/sun/xml/wss/xws-security/3.0/xws-security-3.0.jar:/Users/faza/.m2/repository/javax/xml/soap/saaj-api/1.3/saaj-api-1.3.jar:/Users/faza/.m2/repository/javax/mail/mail/1.4/mail-1.4.jar:/Users/faza/.m2/repository/javax/xml/bind/jaxb-api/2.0/jaxb-api-2.0.jar:/Users/faza/.m2/repository/javax/xml/bind/jsr173_api/1.0/jsr173_api-1.0.jar:/Users/faza/.m2/repository/javax/xml/stream/stax-api/1.0/stax-api-1.0.jar:/Users/faza/.m2/repository/javax/xml/ws/jaxws-api/2.1/jaxws-api-2.1.jar:/Users/faza/.m2/repository/javax/activation/activation/1.1.1/activation-1.1.1.jar:"/>
    <property name="java.vm.vendor" value="Amazon.com Inc."/>
    <property name="sun.arch.data.model" value="64"/>
    <property name="java.vendor.url" value="https://aws.amazon.com/corretto/"/>
    <property name="user.timezone" value="America/Asuncion"/>
    <property name="org.jboss.logging.provider" value="slf4j"/>
    <property name="os.name" value="Mac OS X"/>
    <property name="java.vm.specification.version" value="17"/>
    <property name="sun.java.launcher" value="SUN_STANDARD"/>
    <property name="user.country" value="419"/>
    <property name="sun.boot.library.path" value="/Users/faza/Library/Java/JavaVirtualMachines/corretto-17.0.6/Contents/Home/lib"/>
    <property name="sun.java.command" value="/Users/faza/appjava/consultarucWsSecurity/target/surefire/surefirebooter-20240305102622673_3.jar /Users/faza/appjava/consultarucWsSecurity/target/surefire 2024-03-05T10-26-22_284-jvmRun1 surefire-20240305102622673_1tmp surefire_0-20240305102622673_2tmp"/>
    <property name="http.nonProxyHosts" value="local|*.local|169.254/16|*.169.254/16"/>
    <property name="jdk.debug" value="release"/>
    <property name="surefire.test.class.path" value="/Users/faza/appjava/consultarucWsSecurity/target/test-classes:/Users/faza/appjava/consultarucWsSecurity/target/classes:/Users/faza/.m2/repository/org/springframework/boot/spring-boot-starter-data-jpa/3.2.3/spring-boot-starter-data-jpa-3.2.3.jar:/Users/faza/.m2/repository/org/springframework/boot/spring-boot-starter-aop/3.2.3/spring-boot-starter-aop-3.2.3.jar:/Users/faza/.m2/repository/org/springframework/spring-aop/6.1.4/spring-aop-6.1.4.jar:/Users/faza/.m2/repository/org/aspectj/aspectjweaver/1.9.21/aspectjweaver-1.9.21.jar:/Users/faza/.m2/repository/org/springframework/boot/spring-boot-starter-jdbc/3.2.3/spring-boot-starter-jdbc-3.2.3.jar:/Users/faza/.m2/repository/com/zaxxer/HikariCP/5.0.1/HikariCP-5.0.1.jar:/Users/faza/.m2/repository/org/springframework/spring-jdbc/6.1.4/spring-jdbc-6.1.4.jar:/Users/faza/.m2/repository/org/hibernate/orm/hibernate-core/6.4.4.Final/hibernate-core-6.4.4.Final.jar:/Users/faza/.m2/repository/jakarta/persistence/jakarta.persistence-api/3.1.0/jakarta.persistence-api-3.1.0.jar:/Users/faza/.m2/repository/jakarta/transaction/jakarta.transaction-api/2.0.1/jakarta.transaction-api-2.0.1.jar:/Users/faza/.m2/repository/org/jboss/logging/jboss-logging/3.5.3.Final/jboss-logging-3.5.3.Final.jar:/Users/faza/.m2/repository/org/hibernate/common/hibernate-commons-annotations/6.0.6.Final/hibernate-commons-annotations-6.0.6.Final.jar:/Users/faza/.m2/repository/io/smallrye/jandex/3.1.2/jandex-3.1.2.jar:/Users/faza/.m2/repository/com/fasterxml/classmate/1.6.0/classmate-1.6.0.jar:/Users/faza/.m2/repository/net/bytebuddy/byte-buddy/1.14.12/byte-buddy-1.14.12.jar:/Users/faza/.m2/repository/org/glassfish/jaxb/jaxb-runtime/4.0.4/jaxb-runtime-4.0.4.jar:/Users/faza/.m2/repository/org/glassfish/jaxb/jaxb-core/4.0.4/jaxb-core-4.0.4.jar:/Users/faza/.m2/repository/org/glassfish/jaxb/txw2/4.0.4/txw2-4.0.4.jar:/Users/faza/.m2/repository/com/sun/istack/istack-commons-runtime/4.1.2/istack-commons-runtime-4.1.2.jar:/Users/faza/.m2/repository/jakarta/inject/jakarta.inject-api/2.0.1/jakarta.inject-api-2.0.1.jar:/Users/faza/.m2/repository/org/antlr/antlr4-runtime/4.13.0/antlr4-runtime-4.13.0.jar:/Users/faza/.m2/repository/org/springframework/data/spring-data-jpa/3.2.3/spring-data-jpa-3.2.3.jar:/Users/faza/.m2/repository/org/springframework/data/spring-data-commons/3.2.3/spring-data-commons-3.2.3.jar:/Users/faza/.m2/repository/org/springframework/spring-orm/6.1.4/spring-orm-6.1.4.jar:/Users/faza/.m2/repository/org/springframework/spring-context/6.1.4/spring-context-6.1.4.jar:/Users/faza/.m2/repository/org/springframework/spring-expression/6.1.4/spring-expression-6.1.4.jar:/Users/faza/.m2/repository/io/micrometer/micrometer-observation/1.12.3/micrometer-observation-1.12.3.jar:/Users/faza/.m2/repository/io/micrometer/micrometer-commons/1.12.3/micrometer-commons-1.12.3.jar:/Users/faza/.m2/repository/jakarta/annotation/jakarta.annotation-api/2.1.1/jakarta.annotation-api-2.1.1.jar:/Users/faza/.m2/repository/org/springframework/spring-aspects/6.1.4/spring-aspects-6.1.4.jar:/Users/faza/.m2/repository/org/springframework/boot/spring-boot-starter-web-services/3.2.3/spring-boot-starter-web-services-3.2.3.jar:/Users/faza/.m2/repository/org/springframework/boot/spring-boot-starter-web/3.2.3/spring-boot-starter-web-3.2.3.jar:/Users/faza/.m2/repository/org/springframework/boot/spring-boot-starter-json/3.2.3/spring-boot-starter-json-3.2.3.jar:/Users/faza/.m2/repository/com/fasterxml/jackson/core/jackson-databind/2.15.4/jackson-databind-2.15.4.jar:/Users/faza/.m2/repository/com/fasterxml/jackson/core/jackson-annotations/2.15.4/jackson-annotations-2.15.4.jar:/Users/faza/.m2/repository/com/fasterxml/jackson/core/jackson-core/2.15.4/jackson-core-2.15.4.jar:/Users/faza/.m2/repository/com/fasterxml/jackson/datatype/jackson-datatype-jdk8/2.15.4/jackson-datatype-jdk8-2.15.4.jar:/Users/faza/.m2/repository/com/fasterxml/jackson/datatype/jackson-datatype-jsr310/2.15.4/jackson-datatype-jsr310-2.15.4.jar:/Users/faza/.m2/repository/com/fasterxml/jackson/module/jackson-module-parameter-names/2.15.4/jackson-module-parameter-names-2.15.4.jar:/Users/faza/.m2/repository/org/springframework/boot/spring-boot-starter-tomcat/3.2.3/spring-boot-starter-tomcat-3.2.3.jar:/Users/faza/.m2/repository/org/apache/tomcat/embed/tomcat-embed-core/10.1.19/tomcat-embed-core-10.1.19.jar:/Users/faza/.m2/repository/org/apache/tomcat/embed/tomcat-embed-el/10.1.19/tomcat-embed-el-10.1.19.jar:/Users/faza/.m2/repository/org/apache/tomcat/embed/tomcat-embed-websocket/10.1.19/tomcat-embed-websocket-10.1.19.jar:/Users/faza/.m2/repository/org/springframework/spring-web/6.1.4/spring-web-6.1.4.jar:/Users/faza/.m2/repository/org/springframework/spring-webmvc/6.1.4/spring-webmvc-6.1.4.jar:/Users/faza/.m2/repository/com/sun/xml/messaging/saaj/saaj-impl/3.0.3/saaj-impl-3.0.3.jar:/Users/faza/.m2/repository/jakarta/xml/soap/jakarta.xml.soap-api/3.0.1/jakarta.xml.soap-api-3.0.1.jar:/Users/faza/.m2/repository/jakarta/activation/jakarta.activation-api/2.1.2/jakarta.activation-api-2.1.2.jar:/Users/faza/.m2/repository/org/eclipse/angus/angus-activation/2.0.1/angus-activation-2.0.1.jar:/Users/faza/.m2/repository/jakarta/xml/ws/jakarta.xml.ws-api/4.0.1/jakarta.xml.ws-api-4.0.1.jar:/Users/faza/.m2/repository/org/springframework/spring-oxm/6.1.4/spring-oxm-6.1.4.jar:/Users/faza/.m2/repository/org/springframework/ws/spring-ws-core/4.0.10/spring-ws-core-4.0.10.jar:/Users/faza/.m2/repository/org/springframework/boot/spring-boot-devtools/3.2.3/spring-boot-devtools-3.2.3.jar:/Users/faza/.m2/repository/org/springframework/boot/spring-boot/3.2.3/spring-boot-3.2.3.jar:/Users/faza/.m2/repository/org/springframework/boot/spring-boot-autoconfigure/3.2.3/spring-boot-autoconfigure-3.2.3.jar:/Users/faza/.m2/repository/org/mariadb/jdbc/mariadb-java-client/3.3.3/mariadb-java-client-3.3.3.jar:/Users/faza/.m2/repository/com/github/waffle/waffle-jna/3.3.0/waffle-jna-3.3.0.jar:/Users/faza/.m2/repository/net/java/dev/jna/jna/5.13.0/jna-5.13.0.jar:/Users/faza/.m2/repository/net/java/dev/jna/jna-platform/5.13.0/jna-platform-5.13.0.jar:/Users/faza/.m2/repository/org/slf4j/jcl-over-slf4j/2.0.12/jcl-over-slf4j-2.0.12.jar:/Users/faza/.m2/repository/com/github/ben-manes/caffeine/caffeine/3.1.8/caffeine-3.1.8.jar:/Users/faza/.m2/repository/com/google/errorprone/error_prone_annotations/2.21.1/error_prone_annotations-2.21.1.jar:/Users/faza/.m2/repository/org/checkerframework/checker-qual/3.32.0/checker-qual-3.32.0.jar:/Users/faza/.m2/repository/org/projectlombok/lombok/1.18.30/lombok-1.18.30.jar:/Users/faza/.m2/repository/wsdl4j/wsdl4j/1.6.3/wsdl4j-1.6.3.jar:/Users/faza/.m2/repository/org/springframework/boot/spring-boot-starter-test/3.2.3/spring-boot-starter-test-3.2.3.jar:/Users/faza/.m2/repository/org/springframework/boot/spring-boot-starter/3.2.3/spring-boot-starter-3.2.3.jar:/Users/faza/.m2/repository/org/springframework/boot/spring-boot-starter-logging/3.2.3/spring-boot-starter-logging-3.2.3.jar:/Users/faza/.m2/repository/ch/qos/logback/logback-classic/1.4.14/logback-classic-1.4.14.jar:/Users/faza/.m2/repository/ch/qos/logback/logback-core/1.4.14/logback-core-1.4.14.jar:/Users/faza/.m2/repository/org/apache/logging/log4j/log4j-to-slf4j/2.21.1/log4j-to-slf4j-2.21.1.jar:/Users/faza/.m2/repository/org/apache/logging/log4j/log4j-api/2.21.1/log4j-api-2.21.1.jar:/Users/faza/.m2/repository/org/slf4j/jul-to-slf4j/2.0.12/jul-to-slf4j-2.0.12.jar:/Users/faza/.m2/repository/org/yaml/snakeyaml/2.2/snakeyaml-2.2.jar:/Users/faza/.m2/repository/org/springframework/boot/spring-boot-test/3.2.3/spring-boot-test-3.2.3.jar:/Users/faza/.m2/repository/org/springframework/boot/spring-boot-test-autoconfigure/3.2.3/spring-boot-test-autoconfigure-3.2.3.jar:/Users/faza/.m2/repository/com/jayway/jsonpath/json-path/2.9.0/json-path-2.9.0.jar:/Users/faza/.m2/repository/jakarta/xml/bind/jakarta.xml.bind-api/4.0.1/jakarta.xml.bind-api-4.0.1.jar:/Users/faza/.m2/repository/net/minidev/json-smart/2.5.0/json-smart-2.5.0.jar:/Users/faza/.m2/repository/net/minidev/accessors-smart/2.5.0/accessors-smart-2.5.0.jar:/Users/faza/.m2/repository/org/ow2/asm/asm/9.3/asm-9.3.jar:/Users/faza/.m2/repository/org/assertj/assertj-core/3.24.2/assertj-core-3.24.2.jar:/Users/faza/.m2/repository/org/awaitility/awaitility/4.2.0/awaitility-4.2.0.jar:/Users/faza/.m2/repository/org/hamcrest/hamcrest/2.2/hamcrest-2.2.jar:/Users/faza/.m2/repository/org/junit/jupiter/junit-jupiter/5.10.2/junit-jupiter-5.10.2.jar:/Users/faza/.m2/repository/org/junit/jupiter/junit-jupiter-api/5.10.2/junit-jupiter-api-5.10.2.jar:/Users/faza/.m2/repository/org/opentest4j/opentest4j/1.3.0/opentest4j-1.3.0.jar:/Users/faza/.m2/repository/org/junit/platform/junit-platform-commons/1.10.2/junit-platform-commons-1.10.2.jar:/Users/faza/.m2/repository/org/apiguardian/apiguardian-api/1.1.2/apiguardian-api-1.1.2.jar:/Users/faza/.m2/repository/org/junit/jupiter/junit-jupiter-params/5.10.2/junit-jupiter-params-5.10.2.jar:/Users/faza/.m2/repository/org/junit/jupiter/junit-jupiter-engine/5.10.2/junit-jupiter-engine-5.10.2.jar:/Users/faza/.m2/repository/org/junit/platform/junit-platform-engine/1.10.2/junit-platform-engine-1.10.2.jar:/Users/faza/.m2/repository/org/mockito/mockito-core/5.7.0/mockito-core-5.7.0.jar:/Users/faza/.m2/repository/net/bytebuddy/byte-buddy-agent/1.14.12/byte-buddy-agent-1.14.12.jar:/Users/faza/.m2/repository/org/objenesis/objenesis/3.3/objenesis-3.3.jar:/Users/faza/.m2/repository/org/mockito/mockito-junit-jupiter/5.7.0/mockito-junit-jupiter-5.7.0.jar:/Users/faza/.m2/repository/org/skyscreamer/jsonassert/1.5.1/jsonassert-1.5.1.jar:/Users/faza/.m2/repository/com/vaadin/external/google/android-json/0.0.20131108.vaadin1/android-json-0.0.20131108.vaadin1.jar:/Users/faza/.m2/repository/org/springframework/spring-core/6.1.4/spring-core-6.1.4.jar:/Users/faza/.m2/repository/org/springframework/spring-jcl/6.1.4/spring-jcl-6.1.4.jar:/Users/faza/.m2/repository/org/springframework/spring-test/6.1.4/spring-test-6.1.4.jar:/Users/faza/.m2/repository/org/xmlunit/xmlunit-core/2.9.1/xmlunit-core-2.9.1.jar:/Users/faza/.m2/repository/org/springframework/ws/spring-ws-security/4.0.10/spring-ws-security-4.0.10.jar:/Users/faza/.m2/repository/org/springframework/ws/spring-xml/4.0.10/spring-xml-4.0.10.jar:/Users/faza/.m2/repository/org/springframework/spring-beans/6.1.4/spring-beans-6.1.4.jar:/Users/faza/.m2/repository/org/springframework/spring-tx/6.1.4/spring-tx-6.1.4.jar:/Users/faza/.m2/repository/org/apache/wss4j/wss4j-ws-security-dom/2.4.3/wss4j-ws-security-dom-2.4.3.jar:/Users/faza/.m2/repository/org/apache/wss4j/wss4j-ws-security-common/2.4.3/wss4j-ws-security-common-2.4.3.jar:/Users/faza/.m2/repository/org/opensaml/opensaml-saml-impl/3.4.6/opensaml-saml-impl-3.4.6.jar:/Users/faza/.m2/repository/org/opensaml/opensaml-profile-api/3.4.6/opensaml-profile-api-3.4.6.jar:/Users/faza/.m2/repository/org/opensaml/opensaml-core/3.4.6/opensaml-core-3.4.6.jar:/Users/faza/.m2/repository/io/dropwizard/metrics/metrics-core/4.2.25/metrics-core-4.2.25.jar:/Users/faza/.m2/repository/org/opensaml/opensaml-saml-api/3.4.6/opensaml-saml-api-3.4.6.jar:/Users/faza/.m2/repository/org/opensaml/opensaml-xmlsec-api/3.4.6/opensaml-xmlsec-api-3.4.6.jar:/Users/faza/.m2/repository/org/opensaml/opensaml-soap-api/3.4.6/opensaml-soap-api-3.4.6.jar:/Users/faza/.m2/repository/org/opensaml/opensaml-security-impl/3.4.6/opensaml-security-impl-3.4.6.jar:/Users/faza/.m2/repository/org/opensaml/opensaml-security-api/3.4.6/opensaml-security-api-3.4.6.jar:/Users/faza/.m2/repository/org/opensaml/opensaml-xmlsec-impl/3.4.6/opensaml-xmlsec-impl-3.4.6.jar:/Users/faza/.m2/repository/net/shibboleth/utilities/java-support/7.5.2/java-support-7.5.2.jar:/Users/faza/.m2/repository/joda-time/joda-time/2.10.10/joda-time-2.10.10.jar:/Users/faza/.m2/repository/com/google/guava/guava/30.1-jre/guava-30.1-jre.jar:/Users/faza/.m2/repository/com/google/guava/failureaccess/1.0.1/failureaccess-1.0.1.jar:/Users/faza/.m2/repository/org/opensaml/opensaml-xacml-impl/3.4.6/opensaml-xacml-impl-3.4.6.jar:/Users/faza/.m2/repository/org/opensaml/opensaml-xacml-api/3.4.6/opensaml-xacml-api-3.4.6.jar:/Users/faza/.m2/repository/org/opensaml/opensaml-xacml-saml-impl/3.4.6/opensaml-xacml-saml-impl-3.4.6.jar:/Users/faza/.m2/repository/org/opensaml/opensaml-xacml-saml-api/3.4.6/opensaml-xacml-saml-api-3.4.6.jar:/Users/faza/.m2/repository/org/jasypt/jasypt/1.9.3/jasypt-1.9.3.jar:/Users/faza/.m2/repository/org/ehcache/ehcache/3.10.8/ehcache-3.10.8.jar:/Users/faza/.m2/repository/javax/cache/cache-api/1.1.1/cache-api-1.1.1.jar:/Users/faza/.m2/repository/org/slf4j/slf4j-api/2.0.12/slf4j-api-2.0.12.jar:/Users/faza/.m2/repository/org/apache/santuario/xmlsec/3.0.3/xmlsec-3.0.3.jar:/Users/faza/.m2/repository/commons-codec/commons-codec/1.16.1/commons-codec-1.16.1.jar:/Users/faza/.m2/repository/org/jvnet/staxex/stax-ex/2.1.0/stax-ex-2.1.0.jar:/Users/faza/.m2/repository/com/sun/xml/wss/xws-security/3.0/xws-security-3.0.jar:/Users/faza/.m2/repository/javax/xml/soap/saaj-api/1.3/saaj-api-1.3.jar:/Users/faza/.m2/repository/javax/mail/mail/1.4/mail-1.4.jar:/Users/faza/.m2/repository/javax/xml/bind/jaxb-api/2.0/jaxb-api-2.0.jar:/Users/faza/.m2/repository/javax/xml/bind/jsr173_api/1.0/jsr173_api-1.0.jar:/Users/faza/.m2/repository/javax/xml/stream/stax-api/1.0/stax-api-1.0.jar:/Users/faza/.m2/repository/javax/xml/ws/jaxws-api/2.1/jaxws-api-2.1.jar:/Users/faza/.m2/repository/javax/activation/activation/1.1.1/activation-1.1.1.jar:"/>
    <property name="sun.cpu.endian" value="little"/>
    <property name="user.home" value="/Users/faza"/>
    <property name="user.language" value="es"/>
    <property name="java.specification.vendor" value="Oracle Corporation"/>
    <property name="java.version.date" value="2023-01-17"/>
    <property name="java.home" value="/Users/faza/Library/Java/JavaVirtualMachines/corretto-17.0.6/Contents/Home"/>
    <property name="file.separator" value="/"/>
    <property name="basedir" value="/Users/faza/appjava/consultarucWsSecurity"/>
    <property name="java.vm.compressedOopsMode" value="Zero based"/>
    <property name="line.separator" value="&#10;"/>
    <property name="java.vm.specification.vendor" value="Oracle Corporation"/>
    <property name="java.specification.name" value="Java Platform API Specification"/>
    <property name="FILE_LOG_CHARSET" value="US-ASCII"/>
    <property name="java.awt.headless" value="true"/>
    <property name="surefire.real.class.path" value="/Users/faza/appjava/consultarucWsSecurity/target/surefire/surefirebooter-20240305102622673_3.jar"/>
    <property name="sun.management.compiler" value="HotSpot 64-Bit Tiered Compilers"/>
    <property name="ftp.nonProxyHosts" value="local|*.local|169.254/16|*.169.254/16"/>
    <property name="java.runtime.version" value="17.0.6+10-LTS"/>
    <property name="user.name" value="faza"/>
    <property name="path.separator" value=":"/>
    <property name="os.version" value="10.15.7"/>
    <property name="java.runtime.name" value="OpenJDK Runtime Environment"/>
    <property name="file.encoding" value="US-ASCII"/>
    <property name="java.vm.name" value="OpenJDK 64-Bit Server VM"/>
    <property name="java.vendor.version" value="Corretto-17.0.6.10.1"/>
    <property name="localRepository" value="/Users/faza/.m2/repository"/>
    <property name="java.vendor.url.bug" value="https://github.com/corretto/corretto-17/issues/"/>
    <property name="java.io.tmpdir" value="/var/folders/yk/ntzr8d154ll_1vk9lhlm1kvm0000gn/T/"/>
    <property name="idea.version" value="2022.3.3"/>
    <property name="com.zaxxer.hikari.pool_number" value="1"/>
    <property name="java.version" value="17.0.6"/>
    <property name="user.dir" value="/Users/faza/appjava/consultarucWsSecurity"/>
    <property name="os.arch" value="x86_64"/>
    <property name="java.vm.specification.name" value="Java Virtual Machine Specification"/>
    <property name="PID" value="1637"/>
    <property name="CONSOLE_LOG_CHARSET" value="US-ASCII"/>
    <property name="native.encoding" value="US-ASCII"/>
    <property name="java.library.path" value="/Users/faza/Library/Java/Extensions:/Library/Java/Extensions:/Network/Library/Java/Extensions:/System/Library/Java/Extensions:/usr/lib/java:."/>
    <property name="java.vm.info" value="mixed mode, sharing"/>
    <property name="java.vendor" value="Amazon.com Inc."/>
    <property name="java.vm.version" value="17.0.6+10-LTS"/>
    <property name="sun.io.unicode.encoding" value="UnicodeBig"/>
    <property name="socksNonProxyHosts" value="local|*.local|169.254/16|*.169.254/16"/>
    <property name="java.class.version" value="61.0"/>
  </properties>
  <testcase name="contextLoads" classname="com.wsoap.ConsultarucApplicationTests" time="0.635">
    <system-out><![CDATA[10:26:23.935 [main] INFO org.springframework.test.context.support.AnnotationConfigContextLoaderUtils -- Could not detect default configuration classes for test class [com.wsoap.ConsultarucApplicationTests]: ConsultarucApplicationTests does not declare any static, non-private, non-final, nested classes annotated with @Configuration.
10:26:24.069 [main] INFO org.springframework.boot.test.context.SpringBootTestContextBootstrapper -- Found @SpringBootConfiguration com.wsoap.ConsultarucApplication for test class com.wsoap.ConsultarucApplicationTests
10:26:24.288 [main] INFO org.springframework.boot.devtools.restart.RestartApplicationListener -- Restart disabled due to context in which it is running

  .   ____          _            __ _ _
 /\\ / ___'_ __ _ _(_)_ __  __ _ \ \ \ \
( ( )\___ | '_ | '_| | '_ \/ _` | \ \ \ \
 \\/  ___)| |_)| | | | | || (_| |  ) ) ) )
  '  |____| .__|_| |_|_| |_\__, | / / / /
 =========|_|==============|___/=/_/_/_/
 :: Spring Boot ::                (v3.2.3)

2024-03-05T10:26:24.608-03:00  INFO 1637 --- [           main] com.wsoap.ConsultarucApplicationTests    : Starting ConsultarucApplicationTests using Java 17.0.6 with PID 1637 (started by faza in /Users/faza/appjava/consultarucWsSecurity)
2024-03-05T10:26:24.609-03:00  INFO 1637 --- [           main] com.wsoap.ConsultarucApplicationTests    : No active profile set, falling back to 1 default profile: "default"
2024-03-05T10:26:25.566-03:00  INFO 1637 --- [           main] .s.d.r.c.RepositoryConfigurationDelegate : Bootstrapping Spring Data JPA repositories in DEFAULT mode.
2024-03-05T10:26:25.636-03:00  INFO 1637 --- [           main] .s.d.r.c.RepositoryConfigurationDelegate : Finished Spring Data repository scanning in 59 ms. Found 1 JPA repository interface.
2024-03-05T10:26:26.043-03:00  WARN 1637 --- [           main] trationDelegate$BeanPostProcessorChecker : Bean 'webServiceConfigure' of type [com.wsoap.WebServiceConfigure$$SpringCGLIB$$0] is not eligible for getting processed by all BeanPostProcessors (for example: not eligible for auto-proxying). Is this bean getting eagerly injected into a currently created BeanPostProcessor [annotationActionEndpointMapping]? Check the corresponding BeanPostProcessor declaration and its dependencies.
2024-03-05T10:26:26.044-03:00  WARN 1637 --- [           main] trationDelegate$BeanPostProcessorChecker : Bean 'org.springframework.ws.config.annotation.DelegatingWsConfiguration' of type [org.springframework.ws.config.annotation.DelegatingWsConfiguration$$SpringCGLIB$$0] is not eligible for getting processed by all BeanPostProcessors (for example: not eligible for auto-proxying). The currently created BeanPostProcessor [annotationActionEndpointMapping] is declared through a non-static factory method on that class; consider declaring it as static instead.
2024-03-05T10:26:26.101-03:00  WARN 1637 --- [           main] trationDelegate$BeanPostProcessorChecker : Bean 'callbackHandler' of type [org.springframework.ws.soap.security.wss4j2.callback.SimplePasswordValidationCallbackHandler] is not eligible for getting processed by all BeanPostProcessors (for example: not eligible for auto-proxying). Is this bean getting eagerly injected into a currently created BeanPostProcessor [annotationActionEndpointMapping]? Check the corresponding BeanPostProcessor declaration and its dependencies.
2024-03-05T10:26:26.105-03:00  WARN 1637 --- [           main] trationDelegate$BeanPostProcessorChecker : Bean 'securityInteceptor' of type [org.springframework.ws.soap.security.wss4j2.Wss4jSecurityInterceptor] is not eligible for getting processed by all BeanPostProcessors (for example: not eligible for auto-proxying). Is this bean getting eagerly injected into a currently created BeanPostProcessor [annotationActionEndpointMapping]? Check the corresponding BeanPostProcessor declaration and its dependencies.
2024-03-05T10:26:26.107-03:00  WARN 1637 --- [           main] trationDelegate$BeanPostProcessorChecker : Bean 'payloadLoggingInterceptor' of type [org.springframework.ws.server.endpoint.interceptor.PayloadLoggingInterceptor] is not eligible for getting processed by all BeanPostProcessors (for example: not eligible for auto-proxying). Is this bean getting eagerly injected into a currently created BeanPostProcessor [annotationActionEndpointMapping]? Check the corresponding BeanPostProcessor declaration and its dependencies.
2024-03-05T10:26:26.109-03:00  INFO 1637 --- [           main] .w.s.a.s.AnnotationActionEndpointMapping : Supporting [WS-Addressing August 2004, WS-Addressing 1.0]
2024-03-05T10:26:26.416-03:00  INFO 1637 --- [           main] o.hibernate.jpa.internal.util.LogHelper  : HHH000204: Processing PersistenceUnitInfo [name: default]
2024-03-05T10:26:26.494-03:00  INFO 1637 --- [           main] org.hibernate.Version                    : HHH000412: Hibernate ORM core version 6.4.4.Final
2024-03-05T10:26:26.538-03:00  INFO 1637 --- [           main] o.h.c.internal.RegionFactoryInitiator    : HHH000026: Second-level cache disabled
2024-03-05T10:26:26.817-03:00  INFO 1637 --- [           main] o.s.o.j.p.SpringPersistenceUnitInfo      : No LoadTimeWeaver setup: ignoring JPA class transformer
2024-03-05T10:26:26.863-03:00  INFO 1637 --- [           main] com.zaxxer.hikari.HikariDataSource       : HikariPool-1 - Starting...
2024-03-05T10:26:27.008-03:00  INFO 1637 --- [           main] com.zaxxer.hikari.pool.HikariPool        : HikariPool-1 - Added connection org.mariadb.jdbc.Connection@18c7f6b5
2024-03-05T10:26:27.011-03:00  INFO 1637 --- [           main] com.zaxxer.hikari.HikariDataSource       : HikariPool-1 - Start completed.
2024-03-05T10:26:28.008-03:00  INFO 1637 --- [           main] o.h.e.t.j.p.i.JtaPlatformInitiator       : HHH000489: No JTA platform available (set 'hibernate.transaction.jta.platform' to enable JTA platform integration)
2024-03-05T10:26:28.011-03:00  INFO 1637 --- [           main] j.LocalContainerEntityManagerFactoryBean : Initialized JPA EntityManagerFactory for persistence unit 'default'
2024-03-05T10:26:28.478-03:00  INFO 1637 --- [           main] o.s.ws.soap.saaj.SaajSoapMessageFactory  : Creating SAAJ 1.3 MessageFactory with SOAP 1.2 Protocol
2024-03-05T10:26:28.785-03:00  WARN 1637 --- [           main] JpaBaseConfiguration$JpaWebConfiguration : spring.jpa.open-in-view is enabled by default. Therefore, database queries may be performed during view rendering. Explicitly configure spring.jpa.open-in-view to disable this warning
2024-03-05T10:26:29.353-03:00  INFO 1637 --- [           main] com.wsoap.ConsultarucApplicationTests    : Started ConsultarucApplicationTests in 5.079 seconds (process running for 6.478)
]]></system-out>
  </testcase>
</testsuite>